<?xml version="1.0" encoding="UTF-8"?>
<testng-results ignored="0" total="1" passed="1" failed="0" skipped="0">
  <reporter-output>
  </reporter-output>
  <suite started-at="2021-07-05T10:25:46 IST" name="Default suite" finished-at="2021-07-05T10:26:13 IST" duration-ms="27101">
    <groups>
    </groups>
    <test started-at="2021-07-05T10:25:46 IST" name="Default test" finished-at="2021-07-05T10:26:13 IST" duration-ms="27101">
      <class name="script.AddingToCart">
        <test-method is-config="true" signature="openApp()[pri:0, instance:script.AddingToCart@44821a96]" started-at="2021-07-05T10:25:46 IST" name="openApp" finished-at="2021-07-05T10:26:02 IST" duration-ms="16184" status="PASS">
          <reporter-output>
          </reporter-output>
        </test-method> <!-- openApp -->
        <test-method signature="tc1()[pri:0, instance:script.AddingToCart@44821a96]" started-at="2021-07-05T10:26:02 IST" name="tc1" finished-at="2021-07-05T10:26:11 IST" duration-ms="8507" status="PASS">
          <reporter-output>
          </reporter-output>
        </test-method> <!-- tc1 -->
        <test-method is-config="true" signature="closeApp(org.testng.ITestResult)[pri:0, instance:script.AddingToCart@44821a96]" started-at="2021-07-05T10:26:11 IST" name="closeApp" finished-at="2021-07-05T10:26:13 IST" duration-ms="2325" status="PASS">
          <params>
            <param index="0">
              <value>
                <![CDATA[[TestResult name=tc1 status=SUCCESS method=AddingToCart.tc1()[pri:0, instance:script.AddingToCart@44821a96] output={null}]]]>
              </value>
            </param>
          </params>
          <reporter-output>
          </reporter-output>
        </test-method> <!-- closeApp -->
      </class> <!-- script.AddingToCart -->
    </test> <!-- Default test -->
  </suite> <!-- Default suite -->
</testng-results>
